<?xml version="1.0" encoding="UTF-8"?>
<testsuite name="com.copsrobbers.game.examples.AssetExistsExampleTest" tests="3" skipped="0" failures="0" errors="0" timestamp="2021-11-17T10:27:13" hostname="exeami" time="0.088">
  <properties/>
  <testcase name="copCanMove" classname="com.copsrobbers.game.examples.AssetExistsExampleTest" time="0.049"/>
  <testcase name="robberCanMove" classname="com.copsrobbers.game.examples.AssetExistsExampleTest" time="0.006"/>
  <testcase name="robberCollisionWithObstacles" classname="com.copsrobbers.game.examples.AssetExistsExampleTest" time="0.005"/>
  <system-out><![CDATA[Shortest path length is: 9
Path is ::
]]></system-out>
  <system-err><![CDATA[]]></system-err>
</testsuite>
