<?xml version="1.0" encoding="UTF-8"?>
<testsuite name="com.copsrobbers.game.examples.UnitTestExample" tests="2" skipped="0" failures="0" errors="0" timestamp="2021-11-17T10:27:13" hostname="exeami" time="0.001">
  <properties/>
  <testcase name="gameMustNotCrashOnLaunch" classname="com.copsrobbers.game.examples.UnitTestExample" time="0.0"/>
  <testcase name="oneEqualsOne" classname="com.copsrobbers.game.examples.UnitTestExample" time="0.0"/>
  <system-out><![CDATA[]]></system-out>
  <system-err><![CDATA[]]></system-err>
</testsuite>
